#
# There is insufficient memory for the Java Runtime Environment to continue.
# Native memory allocation (malloc) failed to allocate 1048576 bytes for AllocateHeap
# Possible reasons:
#   The system is out of physical RAM or swap space
#   The process is running with CompressedOops enabled, and the Java Heap may be blocking the growth of the native heap
# Possible solutions:
#   Reduce memory load on the system
#   Increase physical memory or swap space
#   Check if swap backing store is full
#   Decrease Java heap size (-Xmx/-Xms)
#   Decrease number of Java threads
#   Decrease Java thread stack sizes (-Xss)
#   Set larger code cache with -XX:ReservedCodeCacheSize=
#   JVM is running with Zero Based Compressed Oops mode in which the Java heap is
#     placed in the first 32GB address space. The Java Heap base address is the
#     maximum limit for the native heap growth. Please use -XX:HeapBaseMinAddress
#     to set the Java Heap base and to place the Java Heap above 32GB virtual address.
# This output file may be truncated or incomplete.
#
#  Out of Memory Error (./src/hotspot/share/memory/allocation.cpp:46), pid=24232, tid=16640
#
# JRE version: OpenJDK Runtime Environment Corretto-11.0.16.9.1 (11.0.16.1+9) (build 11.0.16.1+9-LTS)
# Java VM: OpenJDK 64-Bit Server VM Corretto-11.0.16.9.1 (11.0.16.1+9-LTS, mixed mode, tiered, compressed oops, g1 gc, windows-amd64)
# No core dump will be written. Minidumps are not enabled by default on client versions of Windows
#

---------------  S U M M A R Y ------------

Command Line: -ea -javaagent:C:\Users\PNMmechanic\.m2\repository/org/aspectj/aspectjweaver/1.9.7/aspectjweaver-1.9.7.jar -Didea.test.cyclic.buffer.size=1048576 -javaagent:C:\Program Files\JetBrains\IntelliJ IDEA Community Edition 2022.2.3\lib\idea_rt.jar=62909:C:\Program Files\JetBrains\IntelliJ IDEA Community Edition 2022.2.3\bin -Dfile.encoding=UTF-8 com.intellij.rt.junit.JUnitStarter -ideVersion5 -junit4 org.example.courier.CourierTest

Host: Intel(R) Core(TM) i7-8750H CPU @ 2.20GHz, 12 cores, 15G,  Windows 10 , 64 bit Build 19041 (10.0.19041.2364)
Time: Sat Jan 21 16:48:23 2023 RTZ 4 (s 10 , 64 bit Build 19041 (10.0.19041.2364) elapsed time: 0.565039 seconds (0d 0h 0m 0s)

---------------  T H R E A D  ---------------

Current thread (0x000002b47fa6c800):  VMThread "VM Thread" [stack: 0x000000b914200000,0x000000b914300000] [id=16640]

Stack: [0x000000b914200000,0x000000b914300000]
[error occurred during error reporting (printing stack bounds), id 0xc0000005, EXCEPTION_ACCESS_VIOLATION (0xc0000005) at pc=0x000002b40000112d]

Native frames: (J=compiled Java code, j=interpreted, Vv=VM code, C=native code)
V  [jvm.dll+0x61f23a]
V  [jvm.dll+0x7ac419]
V  [jvm.dll+0x7adb08]
V  [jvm.dll+0x7ae145]
V  [jvm.dll+0x7ae0fb]
V  [jvm.dll+0x61e5c7]
V  [jvm.dll+0x61ecd8]
C  [ntdll.dll+0xa241f]
C  [ntdll.dll+0x514a4]
C  [ntdll.dll+0xa0f4e]
C  0x000002b40000112d

VM_Operation (0x000000b913cfaaa0): CollectForMetadataAllocation, mode: safepoint, requested by thread 0x000002b46c973000


---------------  P R O C E S S  ---------------

Threads class SMR info:
_java_thread_list=0x000002b47fd0ce30, length=11, elements={
0x000002b46c973000, 0x000002b47fa7e000, 0x000002b47fa7f800, 0x000002b47fb7f800,
0x000002b47fb81000, 0x000002b47fb82000, 0x000002b47fb87000, 0x000002b47fb90800,
0x000002b47fb9c000, 0x000002b47fd04000, 0x000002b47fd32800
}

Java Threads: ( => current thread )
  0x000002b46c973000 JavaThread "main" [_thread_blocked, id=4140, stack(0x000000b913c00000,0x000000b913d00000)]
  0x000002b47fa7e000 JavaThread "Reference Handler" daemon [_thread_blocked, id=19748, stack(0x000000b914300000,0x000000b914400000)]
  0x000002b47fa7f800 JavaThread "Finalizer" daemon [_thread_blocked, id=16680, stack(0x000000b914400000,0x000000b914500000)]
  0x000002b47fb7f800 JavaThread "Signal Dispatcher" daemon [_thread_blocked, id=22504, stack(0x000000b914500000,0x000000b914600000)]
  0x000002b47fb81000 JavaThread "Attach Listener" daemon [_thread_blocked, id=21740, stack(0x000000b914600000,0x000000b914700000)]
  0x000002b47fb82000 JavaThread "Service Thread" daemon [_thread_blocked, id=23048, stack(0x000000b914700000,0x000000b914800000)]
  0x000002b47fb87000 JavaThread "C2 CompilerThread0" daemon [_thread_blocked, id=6868, stack(0x000000b914800000,0x000000b914900000)]
  0x000002b47fb90800 JavaThread "C1 CompilerThread0" daemon [_thread_blocked, id=18100, stack(0x000000b914900000,0x000000b914a00000)]
  0x000002b47fb9c000 JavaThread "Sweeper thread" daemon [_thread_blocked, id=13756, stack(0x000000b914a00000,0x000000b914b00000)]
  0x000002b47fd04000 JavaThread "Common-Cleaner" daemon [_thread_blocked, id=12516, stack(0x000000b914b00000,0x000000b914c00000)]
  0x000002b47fd32800 JavaThread "C2 CompilerThread1" daemon [_thread_blocked, id=3768, stack(0x000000b914c00000,0x000000b914d00000)]

Other Threads:
=>0x000002b47fa6c800 VMThread "VM Thread" [stack: 0x000000b914200000,0x000000b914300000] [id=16640]
  0x000002b46c98d800 GCTaskThread "GC Thread#0" [stack: 0x000000b913d00000,0x000000b913e00000] [id=21732]
  0x000002b411ff6000 GCTaskThread "GC Thread#1" [stack: 0x000000b914f00000,0x000000b915000000] [id=18828]
  0x000002b47fe8b000 GCTaskThread "GC Thread#2" [stack: 0x000000b915000000,0x000000b915100000] [id=19476]
  0x000002b412098800 GCTaskThread "GC Thread#3" [stack: 0x000000b915100000,0x000000b915200000] [id=20208]
  0x000002b41209b800 GCTaskThread "GC Thread#4" [stack: 0x000000b915200000,0x000000b915300000] [id=16004]
  0x000002b41209c000 GCTaskThread "GC Thread#5" [stack: 0x000000b915300000,0x000000b915400000] [id=16436]
  0x000002b46c9ea800 ConcurrentGCThread "G1 Main Marker" [stack: 0x000000b913e00000,0x000000b913f00000] [id=11288]
  0x000002b46c9ec000 ConcurrentGCThread "G1 Conc#0" [stack: 0x000000b913f00000,0x000000b914000000] [id=16612]
  0x000002b4120ae000 ConcurrentGCThread "G1 Conc#1" [stack: 0x000000b914d00000,0x000000b914e00000] [id=22380]
  0x000002b411b01000 ConcurrentGCThread "G1 Conc#2" [stack: 0x000000b914e00000,0x000000b914f00000] [id=17496]
  0x000002b47f952800 ConcurrentGCThread "G1 Refine#0" [stack: 0x000000b914000000,0x000000b914100000] [id=23264]
  0x000002b47f954800 ConcurrentGCThread "G1 Young RemSet Sampling" [stack: 0x000000b914100000,0x000000b914200000] [id=5904]

Threads with active compile tasks:

VM state:at safepoint (normal execution)

VM Mutex/Monitor currently owned by a thread:  ([mutex/lock_event])
[0x000002b46c9702a0] Threads_lock - owner thread: 0x000002b47fa6c800
[0x000002b46c96f250] Heap_lock - owner thread: 0x000002b46c973000

Heap address: 0x0000000702600000, size: 4058 MB, Compressed Oops mode: Zero based, Oop shift amount: 3
Narrow klass base: 0x0000000800000000, Narrow klass shift: 0
Compressed class space size: 1073741824 Address: 0x0000000800000000

Heap:
 garbage-first heap   total 260096K, used 3754K [0x0000000702600000, 0x0000000800000000)
  region size 1024K, 3 young (3072K), 3 survivors (3072K)
 Metaspace       used 11491K, capacity 11624K, committed 11648K, reserved 1069056K
  class space    used 1081K, capacity 1151K, committed 1152K, reserved 1048576K
Heap Regions: E=young(eden), S=young(survivor), O=old, HS=humongous(starts), HC=humongous(continues), CS=collection set, F=free, A=archive, TAMS=top-at-mark-start (previous, next)
|   0|0x0000000702600000, 0x00000007026aa800, 0x0000000702700000| 66%| O|  |TAMS 0x0000000702600000, 0x00000007026aa800| Untracked 
|   1|0x0000000702700000, 0x0000000702700000, 0x0000000702800000|  0%| F|  |TAMS 0x0000000702700000, 0x0000000702700000| Untracked 
|   2|0x0000000702800000, 0x0000000702800000, 0x0000000702900000|  0%| F|  |TAMS 0x0000000702800000, 0x0000000702800000| Untracked 
|   3|0x0000000702900000, 0x0000000702900000, 0x0000000702a00000|  0%| F|  |TAMS 0x0000000702900000, 0x0000000702900000| Untracked 
|   4|0x0000000702a00000, 0x0000000702a00000, 0x0000000702b00000|  0%| F|  |TAMS 0x0000000702a00000, 0x0000000702a00000| Untracked 
|   5|0x0000000702b00000, 0x0000000702b00000, 0x0000000702c00000|  0%| F|  |TAMS 0x0000000702b00000, 0x0000000702b00000| Untracked 
|   6|0x0000000702c00000, 0x0000000702c00000, 0x0000000702d00000|  0%| F|  |TAMS 0x0000000702c00000, 0x0000000702c00000| Untracked 
|   7|0x0000000702d00000, 0x0000000702d00000, 0x0000000702e00000|  0%| F|  |TAMS 0x0000000702d00000, 0x0000000702d00000| Untracked 
|   8|0x0000000702e00000, 0x0000000702e00000, 0x0000000702f00000|  0%| F|  |TAMS 0x0000000702e00000, 0x0000000702e00000| Untracked 
|   9|0x0000000702f00000, 0x0000000702f00000, 0x0000000703000000|  0%| F|  |TAMS 0x0000000702f00000, 0x0000000702f00000| Untracked 
|  10|0x0000000703000000, 0x0000000703000000, 0x0000000703100000|  0%| F|  |TAMS 0x0000000703000000, 0x0000000703000000| Untracked 
|  11|0x0000000703100000, 0x0000000703100000, 0x0000000703200000|  0%| F|  |TAMS 0x0000000703100000, 0x0000000703100000| Untracked 
|  12|0x0000000703200000, 0x0000000703200000, 0x0000000703300000|  0%| F|  |TAMS 0x0000000703200000, 0x0000000703200000| Untracked 
|  13|0x0000000703300000, 0x0000000703300000, 0x0000000703400000|  0%| F|  |TAMS 0x0000000703300000, 0x0000000703300000| Untracked 
|  14|0x0000000703400000, 0x0000000703400000, 0x0000000703500000|  0%| F|  |TAMS 0x0000000703400000, 0x0000000703400000| Untracked 
|  15|0x0000000703500000, 0x0000000703500000, 0x0000000703600000|  0%| F|  |TAMS 0x0000000703500000, 0x0000000703500000| Untracked 
|  16|0x0000000703600000, 0x0000000703600000, 0x0000000703700000|  0%| F|  |TAMS 0x0000000703600000, 0x0000000703600000| Untracked 
|  17|0x0000000703700000, 0x0000000703700000, 0x0000000703800000|  0%| F|  |TAMS 0x0000000703700000, 0x0000000703700000| Untracked 
|  18|0x0000000703800000, 0x0000000703800000, 0x0000000703900000|  0%| F|  |TAMS 0x0000000703800000, 0x0000000703800000| Untracked 
|  19|0x0000000703900000, 0x0000000703900000, 0x0000000703a00000|  0%| F|  |TAMS 0x0000000703900000, 0x0000000703900000| Untracked 
|  20|0x0000000703a00000, 0x0000000703a00000, 0x0000000703b00000|  0%| F|  |TAMS 0x0000000703a00000, 0x0000000703a00000| Untracked 
|  21|0x0000000703b00000, 0x0000000703b00000, 0x0000000703c00000|  0%| F|  |TAMS 0x0000000703b00000, 0x0000000703b00000| Untracked 
|  22|0x0000000703c00000, 0x0000000703c00000, 0x0000000703d00000|  0%| F|  |TAMS 0x0000000703c00000, 0x0000000703c00000| Untracked 
|  23|0x0000000703d00000, 0x0000000703d00000, 0x0000000703e00000|  0%| F|  |TAMS 0x0000000703d00000, 0x0000000703d00000| Untracked 
|  24|0x0000000703e00000, 0x0000000703e00000, 0x0000000703f00000|  0%| F|  |TAMS 0x0000000703e00000, 0x0000000703e00000| Untracked 
|  25|0x0000000703f00000, 0x0000000703f00000, 0x0000000704000000|  0%| F|  |TAMS 0x0000000703f00000, 0x0000000703f00000| Untracked 
|  26|0x0000000704000000, 0x0000000704000000, 0x0000000704100000|  0%| F|  |TAMS 0x0000000704000000, 0x0000000704000000| Untracked 
|  27|0x0000000704100000, 0x0000000704100000, 0x0000000704200000|  0%| F|  |TAMS 0x0000000704100000, 0x0000000704100000| Untracked 
|  28|0x0000000704200000, 0x0000000704200000, 0x0000000704300000|  0%| F|  |TAMS 0x0000000704200000, 0x0000000704200000| Untracked 
|  29|0x0000000704300000, 0x0000000704300000, 0x0000000704400000|  0%| F|  |TAMS 0x0000000704300000, 0x0000000704300000| Untracked 
|  30|0x0000000704400000, 0x0000000704400000, 0x0000000704500000|  0%| F|  |TAMS 0x0000000704400000, 0x0000000704400000| Untracked 
|  31|0x0000000704500000, 0x0000000704500000, 0x0000000704600000|  0%| F|  |TAMS 0x0000000704500000, 0x0000000704500000| Untracked 
|  32|0x0000000704600000, 0x0000000704600000, 0x0000000704700000|  0%| F|  |TAMS 0x0000000704600000, 0x0000000704600000| Untracked 
|  33|0x0000000704700000, 0x0000000704700000, 0x0000000704800000|  0%| F|  |TAMS 0x0000000704700000, 0x0000000704700000| Untracked 
|  34|0x0000000704800000, 0x0000000704800000, 0x0000000704900000|  0%| F|  |TAMS 0x0000000704800000, 0x0000000704800000| Untracked 
|  35|0x0000000704900000, 0x0000000704900000, 0x0000000704a00000|  0%| F|  |TAMS 0x0000000704900000, 0x0000000704900000| Untracked 
|  36|0x0000000704a00000, 0x0000000704a00000, 0x0000000704b00000|  0%| F|  |TAMS 0x0000000704a00000, 0x0000000704a00000| Untracked 
|  37|0x0000000704b00000, 0x0000000704b00000, 0x0000000704c00000|  0%| F|  |TAMS 0x0000000704b00000, 0x0000000704b00000| Untracked 
|  38|0x0000000704c00000, 0x0000000704c00000, 0x0000000704d00000|  0%| F|  |TAMS 0x0000000704c00000, 0x0000000704c00000| Untracked 
|  39|0x0000000704d00000, 0x0000000704d00000, 0x0000000704e00000|  0%| F|  |TAMS 0x0000000704d00000, 0x0000000704d00000| Untracked 
|  40|0x0000000704e00000, 0x0000000704e00000, 0x0000000704f00000|  0%| F|  |TAMS 0x0000000704e00000, 0x0000000704e00000| Untracked 
|  41|0x0000000704f00000, 0x0000000704f00000, 0x0000000705000000|  0%| F|  |TAMS 0x0000000704f00000, 0x0000000704f00000| Untracked 
|  42|0x0000000705000000, 0x0000000705000000, 0x0000000705100000|  0%| F|  |TAMS 0x0000000705000000, 0x0000000705000000| Untracked 
|  43|0x0000000705100000, 0x0000000705100000, 0x0000000705200000|  0%| F|  |TAMS 0x0000000705100000, 0x0000000705100000| Untracked 
|  44|0x0000000705200000, 0x0000000705200000, 0x0000000705300000|  0%| F|  |TAMS 0x0000000705200000, 0x0000000705200000| Untracked 
|  45|0x0000000705300000, 0x0000000705300000, 0x0000000705400000|  0%| F|  |TAMS 0x0000000705300000, 0x0000000705300000| Untracked 
|  46|0x0000000705400000, 0x0000000705400000, 0x0000000705500000|  0%| F|  |TAMS 0x0000000705400000, 0x0000000705400000| Untracked 
|  47|0x0000000705500000, 0x0000000705500000, 0x0000000705600000|  0%| F|  |TAMS 0x0000000705500000, 0x0000000705500000| Untracked 
|  48|0x0000000705600000, 0x0000000705600000, 0x0000000705700000|  0%| F|  |TAMS 0x0000000705600000, 0x0000000705600000| Untracked 
|  49|0x0000000705700000, 0x0000000705700000, 0x0000000705800000|  0%| F|  |TAMS 0x0000000705700000, 0x0000000705700000| Untracked 
|  50|0x0000000705800000, 0x0000000705800000, 0x0000000705900000|  0%| F|  |TAMS 0x0000000705800000, 0x0000000705800000| Untracked 
|  51|0x0000000705900000, 0x0000000705900000, 0x0000000705a00000|  0%| F|  |TAMS 0x0000000705900000, 0x0000000705900000| Untracked 
|  52|0x0000000705a00000, 0x0000000705a00000, 0x0000000705b00000|  0%| F|  |TAMS 0x0000000705a00000, 0x0000000705a00000| Untracked 
|  53|0x0000000705b00000, 0x0000000705b00000, 0x0000000705c00000|  0%| F|  |TAMS 0x0000000705b00000, 0x0000000705b00000| Untracked 
|  54|0x0000000705c00000, 0x0000000705c00000, 0x0000000705d00000|  0%| F|  |TAMS 0x0000000705c00000, 0x0000000705c00000| Untracked 
|  55|0x0000000705d00000, 0x0000000705d00000, 0x0000000705e00000|  0%| F|  |TAMS 0x0000000705d00000, 0x0000000705d00000| Untracked 
|  56|0x0000000705e00000, 0x0000000705e00000, 0x0000000705f00000|  0%| F|  |TAMS 0x0000000705e00000, 0x0000000705e00000| Untracked 
|  57|0x0000000705f00000, 0x0000000705f00000, 0x0000000706000000|  0%| F|  |TAMS 0x0000000705f00000, 0x0000000705f00000| Untracked 
|  58|0x0000000706000000, 0x0000000706000000, 0x0000000706100000|  0%| F|  |TAMS 0x0000000706000000, 0x0000000706000000| Untracked 
|  59|0x0000000706100000, 0x0000000706100000, 0x0000000706200000|  0%| F|  |TAMS 0x0000000706100000, 0x0000000706100000| Untracked 
|  60|0x0000000706200000, 0x0000000706200000, 0x0000000706300000|  0%| F|  |TAMS 0x0000000706200000, 0x0000000706200000| Untracked 
|  61|0x0000000706300000, 0x0000000706300000, 0x0000000706400000|  0%| F|  |TAMS 0x0000000706300000, 0x0000000706300000| Untracked 
|  62|0x0000000706400000, 0x0000000706400000, 0x0000000706500000|  0%| F|  |TAMS 0x0000000706400000, 0x0000000706400000| Untracked 
|  63|0x0000000706500000, 0x0000000706500000, 0x0000000706600000|  0%| F|  |TAMS 0x0000000706500000, 0x0000000706500000| Untracked 
|  64|0x0000000706600000, 0x0000000706600000, 0x0000000706700000|  0%| F|  |TAMS 0x0000000706600000, 0x0000000706600000| Untracked 
|  65|0x0000000706700000, 0x0000000706700000, 0x0000000706800000|  0%| F|  |TAMS 0x0000000706700000, 0x0000000706700000| Untracked 
|  66|0x0000000706800000, 0x0000000706800000, 0x0000000706900000|  0%| F|  |TAMS 0x0000000706800000, 0x0000000706800000| Untracked 
|  67|0x0000000706900000, 0x0000000706900000, 0x0000000706a00000|  0%| F|  |TAMS 0x0000000706900000, 0x0000000706900000| Untracked 
|  68|0x0000000706a00000, 0x0000000706a00000, 0x0000000706b00000|  0%| F|  |TAMS 0x0000000706a00000, 0x0000000706a00000| Untracked 
|  69|0x0000000706b00000, 0x0000000706b00000, 0x0000000706c00000|  0%| F|  |TAMS 0x0000000706b00000, 0x0000000706b00000| Untracked 
|  70|0x0000000706c00000, 0x0000000706c00000, 0x0000000706d00000|  0%| F|  |TAMS 0x0000000706c00000, 0x0000000706c00000| Untracked 
|  71|0x0000000706d00000, 0x0000000706d00000, 0x0000000706e00000|  0%| F|  |TAMS 0x0000000706d00000, 0x0000000706d00000| Untracked 
|  72|0x0000000706e00000, 0x0000000706e00000, 0x0000000706f00000|  0%| F|  |TAMS 0x0000000706e00000, 0x0000000706e00000| Untracked 
|  73|0x0000000706f00000, 0x0000000706f00000, 0x0000000707000000|  0%| F|  |TAMS 0x0000000706f00000, 0x0000000706f00000| Untracked 
|  74|0x0000000707000000, 0x0000000707000000, 0x0000000707100000|  0%| F|  |TAMS 0x0000000707000000, 0x0000000707000000| Untracked 
|  75|0x0000000707100000, 0x0000000707100000, 0x0000000707200000|  0%| F|  |TAMS 0x0000000707100000, 0x0000000707100000| Untracked 
|  76|0x0000000707200000, 0x0000000707200000, 0x0000000707300000|  0%| F|  |TAMS 0x0000000707200000, 0x0000000707200000| Untracked 
|  77|0x0000000707300000, 0x0000000707300000, 0x0000000707400000|  0%| F|  |TAMS 0x0000000707300000, 0x0000000707300000| Untracked 
|  78|0x0000000707400000, 0x0000000707400000, 0x0000000707500000|  0%| F|  |TAMS 0x0000000707400000, 0x0000000707400000| Untracked 
|  79|0x0000000707500000, 0x0000000707500000, 0x0000000707600000|  0%| F|  |TAMS 0x0000000707500000, 0x0000000707500000| Untracked 
|  80|0x0000000707600000, 0x0000000707600000, 0x0000000707700000|  0%| F|  |TAMS 0x0000000707600000, 0x0000000707600000| Untracked 
|  81|0x0000000707700000, 0x0000000707700000, 0x0000000707800000|  0%| F|  |TAMS 0x0000000707700000, 0x0000000707700000| Untracked 
|  82|0x0000000707800000, 0x0000000707800000, 0x0000000707900000|  0%| F|  |TAMS 0x0000000707800000, 0x0000000707800000| Untracked 
|  83|0x0000000707900000, 0x0000000707900000, 0x0000000707a00000|  0%| F|  |TAMS 0x0000000707900000, 0x0000000707900000| Untracked 
|  84|0x0000000707a00000, 0x0000000707a00000, 0x0000000707b00000|  0%| F|  |TAMS 0x0000000707a00000, 0x0000000707a00000| Untracked 
|  85|0x0000000707b00000, 0x0000000707b00000, 0x0000000707c00000|  0%| F|  |TAMS 0x0000000707b00000, 0x0000000707b00000| Untracked 
|  86|0x0000000707c00000, 0x0000000707c00000, 0x0000000707d00000|  0%| F|  |TAMS 0x0000000707c00000, 0x0000000707c00000| Untracked 
|  87|0x0000000707d00000, 0x0000000707d00000, 0x0000000707e00000|  0%| F|  |TAMS 0x0000000707d00000, 0x0000000707d00000| Untracked 
|  88|0x0000000707e00000, 0x0000000707e00000, 0x0000000707f00000|  0%| F|  |TAMS 0x0000000707e00000, 0x0000000707e00000| Untracked 
|  89|0x0000000707f00000, 0x0000000707f00000, 0x0000000708000000|  0%| F|  |TAMS 0x0000000707f00000, 0x0000000707f00000| Untracked 
|  90|0x0000000708000000, 0x0000000708000000, 0x0000000708100000|  0%| F|  |TAMS 0x0000000708000000, 0x0000000708000000| Untracked 
|  91|0x0000000708100000, 0x0000000708100000, 0x0000000708200000|  0%| F|  |TAMS 0x0000000708100000, 0x0000000708100000| Untracked 
|  92|0x0000000708200000, 0x0000000708200000, 0x0000000708300000|  0%| F|  |TAMS 0x0000000708200000, 0x0000000708200000| Untracked 
|  93|0x0000000708300000, 0x0000000708300000, 0x0000000708400000|  0%| F|  |TAMS 0x0000000708300000, 0x0000000708300000| Untracked 
|  94|0x0000000708400000, 0x0000000708400000, 0x0000000708500000|  0%| F|  |TAMS 0x0000000708400000, 0x0000000708400000| Untracked 
|  95|0x0000000708500000, 0x0000000708500000, 0x0000000708600000|  0%| F|  |TAMS 0x0000000708500000, 0x0000000708500000| Untracked 
|  96|0x0000000708600000, 0x0000000708600000, 0x0000000708700000|  0%| F|  |TAMS 0x0000000708600000, 0x0000000708600000| Untracked 
|  97|0x0000000708700000, 0x0000000708700000, 0x0000000708800000|  0%| F|  |TAMS 0x0000000708700000, 0x0000000708700000| Untracked 
|  98|0x0000000708800000, 0x0000000708800000, 0x0000000708900000|  0%| F|  |TAMS 0x0000000708800000, 0x0000000708800000| Untracked 
|  99|0x0000000708900000, 0x0000000708900000, 0x0000000708a00000|  0%| F|  |TAMS 0x0000000708900000, 0x0000000708900000| Untracked 
| 100|0x0000000708a00000, 0x0000000708a00000, 0x0000000708b00000|  0%| F|  |TAMS 0x0000000708a00000, 0x0000000708a00000| Untracked 
| 101|0x0000000708b00000, 0x0000000708b00000, 0x0000000708c00000|  0%| F|  |TAMS 0x0000000708b00000, 0x0000000708b00000| Untracked 
| 102|0x0000000708c00000, 0x0000000708c00000, 0x0000000708d00000|  0%| F|  |TAMS 0x0000000708c00000, 0x0000000708c00000| Untracked 
| 103|0x0000000708d00000, 0x0000000708d00000, 0x0000000708e00000|  0%| F|  |TAMS 0x0000000708d00000, 0x0000000708d00000| Untracked 
| 104|0x0000000708e00000, 0x0000000708e00000, 0x0000000708f00000|  0%| F|  |TAMS 0x0000000708e00000, 0x0000000708e00000| Untracked 
| 105|0x0000000708f00000, 0x0000000708f00000, 0x0000000709000000|  0%| F|  |TAMS 0x0000000708f00000, 0x0000000708f00000| Untracked 
| 106|0x0000000709000000, 0x0000000709000000, 0x0000000709100000|  0%| F|  |TAMS 0x0000000709000000, 0x0000000709000000| Untracked 
| 107|0x0000000709100000, 0x0000000709100000, 0x0000000709200000|  0%| F|  |TAMS 0x0000000709100000, 0x0000000709100000| Untracked 
| 108|0x0000000709200000, 0x0000000709200000, 0x0000000709300000|  0%| F|  |TAMS 0x0000000709200000, 0x0000000709200000| Untracked 
| 109|0x0000000709300000, 0x0000000709300000, 0x0000000709400000|  0%| F|  |TAMS 0x0000000709300000, 0x0000000709300000| Untracked 
| 110|0x0000000709400000, 0x0000000709400000, 0x0000000709500000|  0%| F|  |TAMS 0x0000000709400000, 0x0000000709400000| Untracked 
| 111|0x0000000709500000, 0x0000000709500000, 0x0000000709600000|  0%| F|  |TAMS 0x0000000709500000, 0x0000000709500000| Untracked 
| 112|0x0000000709600000, 0x0000000709600000, 0x0000000709700000|  0%| F|  |TAMS 0x0000000709600000, 0x0000000709600000| Untracked 
| 113|0x0000000709700000, 0x0000000709700000, 0x0000000709800000|  0%| F|  |TAMS 0x0000000709700000, 0x0000000709700000| Untracked 
| 114|0x0000000709800000, 0x0000000709800000, 0x0000000709900000|  0%| F|  |TAMS 0x0000000709800000, 0x0000000709800000| Untracked 
| 115|0x0000000709900000, 0x0000000709900000, 0x0000000709a00000|  0%| F|  |TAMS 0x0000000709900000, 0x0000000709900000| Untracked 
| 116|0x0000000709a00000, 0x0000000709a00000, 0x0000000709b00000|  0%| F|  |TAMS 0x0000000709a00000, 0x0000000709a00000| Untracked 
| 117|0x0000000709b00000, 0x0000000709b00000, 0x0000000709c00000|  0%| F|  |TAMS 0x0000000709b00000, 0x0000000709b00000| Untracked 
| 118|0x0000000709c00000, 0x0000000709c00000, 0x0000000709d00000|  0%| F|  |TAMS 0x0000000709c00000, 0x0000000709c00000| Untracked 
| 119|0x0000000709d00000, 0x0000000709d00000, 0x0000000709e00000|  0%| F|  |TAMS 0x0000000709d00000, 0x0000000709d00000| Untracked 
| 120|0x0000000709e00000, 0x0000000709e00000, 0x0000000709f00000|  0%| F|  |TAMS 0x0000000709e00000, 0x0000000709e00000| Untracked 
| 121|0x0000000709f00000, 0x0000000709f00000, 0x000000070a000000|  0%| F|  |TAMS 0x0000000709f00000, 0x0000000709f00000| Untracked 
| 122|0x000000070a000000, 0x000000070a000000, 0x000000070a100000|  0%| F|  |TAMS 0x000000070a000000, 0x000000070a000000| Untracked 
| 123|0x000000070a100000, 0x000000070a100000, 0x000000070a200000|  0%| F|  |TAMS 0x000000070a100000, 0x000000070a100000| Untracked 
| 124|0x000000070a200000, 0x000000070a200000, 0x000000070a300000|  0%| F|  |TAMS 0x000000070a200000, 0x000000070a200000| Untracked 
| 125|0x000000070a300000, 0x000000070a300000, 0x000000070a400000|  0%| F|  |TAMS 0x000000070a300000, 0x000000070a300000| Untracked 
| 126|0x000000070a400000, 0x000000070a400000, 0x000000070a500000|  0%| F|  |TAMS 0x000000070a400000, 0x000000070a400000| Untracked 
| 127|0x000000070a500000, 0x000000070a500000, 0x000000070a600000|  0%| F|  |TAMS 0x000000070a500000, 0x000000070a500000| Untracked 
| 128|0x000000070a600000, 0x000000070a600000, 0x000000070a700000|  0%| F|  |TAMS 0x000000070a600000, 0x000000070a600000| Untracked 
| 129|0x000000070a700000, 0x000000070a700000, 0x000000070a800000|  0%| F|  |TAMS 0x000000070a700000, 0x000000070a700000| Untracked 
| 130|0x000000070a800000, 0x000000070a800000, 0x000000070a900000|  0%| F|  |TAMS 0x000000070a800000, 0x000000070a800000| Untracked 
| 131|0x000000070a900000, 0x000000070a900000, 0x000000070aa00000|  0%| F|  |TAMS 0x000000070a900000, 0x000000070a900000| Untracked 
| 132|0x000000070aa00000, 0x000000070aa00000, 0x000000070ab00000|  0%| F|  |TAMS 0x000000070aa00000, 0x000000070aa00000| Untracked 
| 133|0x000000070ab00000, 0x000000070ab00000, 0x000000070ac00000|  0%| F|  |TAMS 0x000000070ab00000, 0x000000070ab00000| Untracked 
| 134|0x000000070ac00000, 0x000000070ac00000, 0x000000070ad00000|  0%| F|  |TAMS 0x000000070ac00000, 0x000000070ac00000| Untracked 
| 135|0x000000070ad00000, 0x000000070ad00000, 0x000000070ae00000|  0%| F|  |TAMS 0x000000070ad00000, 0x000000070ad00000| Untracked 
| 136|0x000000070ae00000, 0x000000070ae00000, 0x000000070af00000|  0%| F|  |TAMS 0x000000070ae00000, 0x000000070ae00000| Untracked 
| 137|0x000000070af00000, 0x000000070af00000, 0x000000070b000000|  0%| F|  |TAMS 0x000000070af00000, 0x000000070af00000| Untracked 
| 138|0x000000070b000000, 0x000000070b000000, 0x000000070b100000|  0%| F|  |TAMS 0x000000070b000000, 0x000000070b000000| Untracked 
| 139|0x000000070b100000, 0x000000070b100000, 0x000000070b200000|  0%| F|  |TAMS 0x000000070b100000, 0x000000070b100000| Untracked 
| 140|0x000000070b200000, 0x000000070b200000, 0x000000070b300000|  0%| F|  |TAMS 0x000000070b200000, 0x000000070b200000| Untracked 
| 141|0x000000070b300000, 0x000000070b300000, 0x000000070b400000|  0%| F|  |TAMS 0x000000070b300000, 0x000000070b300000| Untracked 
| 142|0x000000070b400000, 0x000000070b400000, 0x000000070b500000|  0%| F|  |TAMS 0x000000070b400000, 0x000000070b400000| Untracked 
| 143|0x000000070b500000, 0x000000070b500000, 0x000000070b600000|  0%| F|  |TAMS 0x000000070b500000, 0x000000070b500000| Untracked 
| 144|0x000000070b600000, 0x000000070b600000, 0x000000070b700000|  0%| F|  |TAMS 0x000000070b600000, 0x000000070b600000| Untracked 
| 145|0x000000070b700000, 0x000000070b700000, 0x000000070b800000|  0%| F|  |TAMS 0x000000070b700000, 0x000000070b700000| Untracked 
| 146|0x000000070b800000, 0x000000070b800000, 0x000000070b900000|  0%| F|  |TAMS 0x000000070b800000, 0x000000070b800000| Untracked 
| 147|0x000000070b900000, 0x000000070b900000, 0x000000070ba00000|  0%| F|  |TAMS 0x000000070b900000, 0x000000070b900000| Untracked 
| 148|0x000000070ba00000, 0x000000070ba00000, 0x000000070bb00000|  0%| F|  |TAMS 0x000000070ba00000, 0x000000070ba00000| Untracked 
| 149|0x000000070bb00000, 0x000000070bb00000, 0x000000070bc00000|  0%| F|  |TAMS 0x000000070bb00000, 0x000000070bb00000| Untracked 
| 150|0x000000070bc00000, 0x000000070bc00000, 0x000000070bd00000|  0%| F|  |TAMS 0x000000070bc00000, 0x000000070bc00000| Untracked 
| 151|0x000000070bd00000, 0x000000070bd00000, 0x000000070be00000|  0%| F|  |TAMS 0x000000070bd00000, 0x000000070bd00000| Untracked 
| 152|0x000000070be00000, 0x000000070be00000, 0x000000070bf00000|  0%| F|  |TAMS 0x000000070be00000, 0x000000070be00000| Untracked 
| 153|0x000000070bf00000, 0x000000070bf00000, 0x000000070c000000|  0%| F|  |TAMS 0x000000070bf00000, 0x000000070bf00000| Untracked 
| 154|0x000000070c000000, 0x000000070c000000, 0x000000070c100000|  0%| F|  |TAMS 0x000000070c000000, 0x000000070c000000| Untracked 
| 155|0x000000070c100000, 0x000000070c100000, 0x000000070c200000|  0%| F|  |TAMS 0x000000070c100000, 0x000000070c100000| Untracked 
| 156|0x000000070c200000, 0x000000070c200000, 0x000000070c300000|  0%| F|  |TAMS 0x000000070c200000, 0x000000070c200000| Untracked 
| 157|0x000000070c300000, 0x000000070c300000, 0x000000070c400000|  0%| F|  |TAMS 0x000000070c300000, 0x000000070c300000| Untracked 
| 158|0x000000070c400000, 0x000000070c400000, 0x000000070c500000|  0%| F|  |TAMS 0x000000070c400000, 0x000000070c400000| Untracked 
| 159|0x000000070c500000, 0x000000070c500000, 0x000000070c600000|  0%| F|  |TAMS 0x000000070c500000, 0x000000070c500000| Untracked 
| 160|0x000000070c600000, 0x000000070c600000, 0x000000070c700000|  0%| F|  |TAMS 0x000000070c600000, 0x000000070c600000| Untracked 
| 161|0x000000070c700000, 0x000000070c700000, 0x000000070c800000|  0%| F|  |TAMS 0x000000070c700000, 0x000000070c700000| Untracked 
| 162|0x000000070c800000, 0x000000070c800000, 0x000000070c900000|  0%| F|  |TAMS 0x000000070c800000, 0x000000070c800000| Untracked 
| 163|0x000000070c900000, 0x000000070c900000, 0x000000070ca00000|  0%| F|  |TAMS 0x000000070c900000, 0x000000070c900000| Untracked 
| 164|0x000000070ca00000, 0x000000070ca00000, 0x000000070cb00000|  0%| F|  |TAMS 0x000000070ca00000, 0x000000070ca00000| Untracked 
| 165|0x000000070cb00000, 0x000000070cb00000, 0x000000070cc00000|  0%| F|  |TAMS 0x000000070cb00000, 0x000000070cb00000| Untracked 
| 166|0x000000070cc00000, 0x000000070cc00000, 0x000000070cd00000|  0%| F|  |TAMS 0x000000070cc00000, 0x000000070cc00000| Untracked 
| 167|0x000000070cd00000, 0x000000070cd00000, 0x000000070ce00000|  0%| F|  |TAMS 0x000000070cd00000, 0x000000070cd00000| Untracked 
| 168|0x000000070ce00000, 0x000000070ce00000, 0x000000070cf00000|  0%| F|  |TAMS 0x000000070ce00000, 0x000000070ce00000| Untracked 
| 169|0x000000070cf00000, 0x000000070cf00000, 0x000000070d000000|  0%| F|  |TAMS 0x000000070cf00000, 0x000000070cf00000| Untracked 
| 170|0x000000070d000000, 0x000000070d000000, 0x000000070d100000|  0%| F|  |TAMS 0x000000070d000000, 0x000000070d000000| Untracked 
| 171|0x000000070d100000, 0x000000070d100000, 0x000000070d200000|  0%| F|  |TAMS 0x000000070d100000, 0x000000070d100000| Untracked 
| 172|0x000000070d200000, 0x000000070d200000, 0x000000070d300000|  0%| F|  |TAMS 0x000000070d200000, 0x000000070d200000| Untracked 
| 173|0x000000070d300000, 0x000000070d300000, 0x000000070d400000|  0%| F|  |TAMS 0x000000070d300000, 0x000000070d300000| Untracked 
| 174|0x000000070d400000, 0x000000070d400000, 0x000000070d500000|  0%| F|  |TAMS 0x000000070d400000, 0x000000070d400000| Untracked 
| 175|0x000000070d500000, 0x000000070d500000, 0x000000070d600000|  0%| F|  |TAMS 0x000000070d500000, 0x000000070d500000| Untracked 
| 176|0x000000070d600000, 0x000000070d600000, 0x000000070d700000|  0%| F|  |TAMS 0x000000070d600000, 0x000000070d600000| Untracked 
| 177|0x000000070d700000, 0x000000070d700000, 0x000000070d800000|  0%| F|  |TAMS 0x000000070d700000, 0x000000070d700000| Untracked 
| 178|0x000000070d800000, 0x000000070d800000, 0x000000070d900000|  0%| F|  |TAMS 0x000000070d800000, 0x000000070d800000| Untracked 
| 179|0x000000070d900000, 0x000000070d900000, 0x000000070da00000|  0%| F|  |TAMS 0x000000070d900000, 0x000000070d900000| Untracked 
| 180|0x000000070da00000, 0x000000070da00000, 0x000000070db00000|  0%| F|  |TAMS 0x000000070da00000, 0x000000070da00000| Untracked 
| 181|0x000000070db00000, 0x000000070db00000, 0x000000070dc00000|  0%| F|  |TAMS 0x000000070db00000, 0x000000070db00000| Untracked 
| 182|0x000000070dc00000, 0x000000070dc00000, 0x000000070dd00000|  0%| F|  |TAMS 0x000000070dc00000, 0x000000070dc00000| Untracked 
| 183|0x000000070dd00000, 0x000000070dd00000, 0x000000070de00000|  0%| F|  |TAMS 0x000000070dd00000, 0x000000070dd00000| Untracked 
| 184|0x000000070de00000, 0x000000070de00000, 0x000000070df00000|  0%| F|  |TAMS 0x000000070de00000, 0x000000070de00000| Untracked 
| 185|0x000000070df00000, 0x000000070df00000, 0x000000070e000000|  0%| F|  |TAMS 0x000000070df00000, 0x000000070df00000| Untracked 
| 186|0x000000070e000000, 0x000000070e000000, 0x000000070e100000|  0%| F|  |TAMS 0x000000070e000000, 0x000000070e000000| Untracked 
| 187|0x000000070e100000, 0x000000070e100000, 0x000000070e200000|  0%| F|  |TAMS 0x000000070e100000, 0x000000070e100000| Untracked 
| 188|0x000000070e200000, 0x000000070e200000, 0x000000070e300000|  0%| F|  |TAMS 0x000000070e200000, 0x000000070e200000| Untracked 
| 189|0x000000070e300000, 0x000000070e300000, 0x000000070e400000|  0%| F|  |TAMS 0x000000070e300000, 0x000000070e300000| Untracked 
| 190|0x000000070e400000, 0x000000070e400000, 0x000000070e500000|  0%| F|  |TAMS 0x000000070e400000, 0x000000070e400000| Untracked 
| 191|0x000000070e500000, 0x000000070e500000, 0x000000070e600000|  0%| F|  |TAMS 0x000000070e500000, 0x000000070e500000| Untracked 
| 192|0x000000070e600000, 0x000000070e600000, 0x000000070e700000|  0%| F|  |TAMS 0x000000070e600000, 0x000000070e600000| Untracked 
| 193|0x000000070e700000, 0x000000070e700000, 0x000000070e800000|  0%| F|  |TAMS 0x000000070e700000, 0x000000070e700000| Untracked 
| 194|0x000000070e800000, 0x000000070e800000, 0x000000070e900000|  0%| F|  |TAMS 0x000000070e800000, 0x000000070e800000| Untracked 
| 195|0x000000070e900000, 0x000000070e900000, 0x000000070ea00000|  0%| F|  |TAMS 0x000000070e900000, 0x000000070e900000| Untracked 
| 196|0x000000070ea00000, 0x000000070ea00000, 0x000000070eb00000|  0%| F|  |TAMS 0x000000070ea00000, 0x000000070ea00000| Untracked 
| 197|0x000000070eb00000, 0x000000070eb00000, 0x000000070ec00000|  0%| F|  |TAMS 0x000000070eb00000, 0x000000070eb00000| Untracked 
| 198|0x000000070ec00000, 0x000000070ec00000, 0x000000070ed00000|  0%| F|  |TAMS 0x000000070ec00000, 0x000000070ec00000| Untracked 
| 199|0x000000070ed00000, 0x000000070ed00000, 0x000000070ee00000|  0%| F|  |TAMS 0x000000070ed00000, 0x000000070ed00000| Untracked 
| 200|0x000000070ee00000, 0x000000070ee00000, 0x000000070ef00000|  0%| F|  |TAMS 0x000000070ee00000, 0x000000070ee00000| Untracked 
| 201|0x000000070ef00000, 0x000000070ef00000, 0x000000070f000000|  0%| F|  |TAMS 0x000000070ef00000, 0x000000070ef00000| Untracked 
| 202|0x000000070f000000, 0x000000070f000000, 0x000000070f100000|  0%| F|  |TAMS 0x000000070f000000, 0x000000070f000000| Untracked 
| 203|0x000000070f100000, 0x000000070f100000, 0x000000070f200000|  0%| F|  |TAMS 0x000000070f100000, 0x000000070f100000| Untracked 
| 204|0x000000070f200000, 0x000000070f200000, 0x000000070f300000|  0%| F|  |TAMS 0x000000070f200000, 0x000000070f200000| Untracked 
| 205|0x000000070f300000, 0x000000070f300000, 0x000000070f400000|  0%| F|  |TAMS 0x000000070f300000, 0x000000070f300000| Untracked 
| 206|0x000000070f400000, 0x000000070f400000, 0x000000070f500000|  0%| F|  |TAMS 0x000000070f400000, 0x000000070f400000| Untracked 
| 207|0x000000070f500000, 0x000000070f500000, 0x000000070f600000|  0%| F|  |TAMS 0x000000070f500000, 0x000000070f500000| Untracked 
| 208|0x000000070f600000, 0x000000070f600000, 0x000000070f700000|  0%| F|  |TAMS 0x000000070f600000, 0x000000070f600000| Untracked 
| 209|0x000000070f700000, 0x000000070f700000, 0x000000070f800000|  0%| F|  |TAMS 0x000000070f700000, 0x000000070f700000| Untracked 
| 210|0x000000070f800000, 0x000000070f800000, 0x000000070f900000|  0%| F|  |TAMS 0x000000070f800000, 0x000000070f800000| Untracked 
| 211|0x000000070f900000, 0x000000070f900000, 0x000000070fa00000|  0%| F|  |TAMS 0x000000070f900000, 0x000000070f900000| Untracked 
| 212|0x000000070fa00000, 0x000000070fa00000, 0x000000070fb00000|  0%| F|  |TAMS 0x000000070fa00000, 0x000000070fa00000| Untracked 
| 213|0x000000070fb00000, 0x000000070fb00000, 0x000000070fc00000|  0%| F|  |TAMS 0x000000070fb00000, 0x000000070fb00000| Untracked 
| 214|0x000000070fc00000, 0x000000070fc00000, 0x000000070fd00000|  0%| F|  |TAMS 0x000000070fc00000, 0x000000070fc00000| Untracked 
| 215|0x000000070fd00000, 0x000000070fd00000, 0x000000070fe00000|  0%| F|  |TAMS 0x000000070fd00000, 0x000000070fd00000| Untracked 
| 216|0x000000070fe00000, 0x000000070fe00000, 0x000000070ff00000|  0%| F|  |TAMS 0x000000070fe00000, 0x000000070fe00000| Untracked 
| 217|0x000000070ff00000, 0x000000070ff00000, 0x0000000710000000|  0%| F|  |TAMS 0x000000070ff00000, 0x000000070ff00000| Untracked 
| 218|0x0000000710000000, 0x0000000710000000, 0x0000000710100000|  0%| F|  |TAMS 0x0000000710000000, 0x0000000710000000| Untracked 
| 219|0x0000000710100000, 0x0000000710100000, 0x0000000710200000|  0%| F|  |TAMS 0x0000000710100000, 0x0000000710100000| Untracked 
| 220|0x0000000710200000, 0x0000000710200000, 0x0000000710300000|  0%| F|  |TAMS 0x0000000710200000, 0x0000000710200000| Untracked 
| 221|0x0000000710300000, 0x0000000710300000, 0x0000000710400000|  0%| F|  |TAMS 0x0000000710300000, 0x0000000710300000| Untracked 
| 222|0x0000000710400000, 0x0000000710400000, 0x0000000710500000|  0%| F|  |TAMS 0x0000000710400000, 0x0000000710400000| Untracked 
| 223|0x0000000710500000, 0x0000000710500000, 0x0000000710600000|  0%| F|  |TAMS 0x0000000710500000, 0x0000000710500000| Untracked 
| 224|0x0000000710600000, 0x0000000710600000, 0x0000000710700000|  0%| F|  |TAMS 0x0000000710600000, 0x0000000710600000| Untracked 
| 225|0x0000000710700000, 0x0000000710700000, 0x0000000710800000|  0%| F|  |TAMS 0x0000000710700000, 0x0000000710700000| Untracked 
| 226|0x0000000710800000, 0x0000000710800000, 0x0000000710900000|  0%| F|  |TAMS 0x0000000710800000, 0x0000000710800000| Untracked 
| 227|0x0000000710900000, 0x0000000710900000, 0x0000000710a00000|  0%| F|  |TAMS 0x0000000710900000, 0x0000000710900000| Untracked 
| 228|0x0000000710a00000, 0x0000000710a00000, 0x0000000710b00000|  0%| F|  |TAMS 0x0000000710a00000, 0x0000000710a00000| Untracked 
| 229|0x0000000710b00000, 0x0000000710b00000, 0x0000000710c00000|  0%| F|  |TAMS 0x0000000710b00000, 0x0000000710b00000| Untracked 
| 230|0x0000000710c00000, 0x0000000710c00000, 0x0000000710d00000|  0%| F|  |TAMS 0x0000000710c00000, 0x0000000710c00000| Untracked 
| 231|0x0000000710d00000, 0x0000000710d00000, 0x0000000710e00000|  0%| F|  |TAMS 0x0000000710d00000, 0x0000000710d00000| Untracked 
| 232|0x0000000710e00000, 0x0000000710f00000, 0x0000000710f00000|100%| S|CS|TAMS 0x0000000710e00000, 0x0000000710e00000| Complete 
| 233|0x0000000710f00000, 0x0000000711000000, 0x0000000711000000|100%| S|CS|TAMS 0x0000000710f00000, 0x0000000710f00000| Complete 
| 234|0x0000000711000000, 0x0000000711100000, 0x0000000711100000|100%| S|CS|TAMS 0x0000000711000000, 0x0000000711000000| Complete 
| 235|0x0000000711100000, 0x0000000711100000, 0x0000000711200000|  0%| F|  |TAMS 0x0000000711100000, 0x0000000711100000| Untracked 
| 236|0x0000000711200000, 0x0000000711200000, 0x0000000711300000|  0%| F|  |TAMS 0x0000000711200000, 0x0000000711200000| Untracked 
| 237|0x0000000711300000, 0x0000000711300000, 0x0000000711400000|  0%| F|  |TAMS 0x0000000711300000, 0x0000000711300000| Untracked 
| 238|0x0000000711400000, 0x0000000711400000, 0x0000000711500000|  0%| F|  |TAMS 0x0000000711400000, 0x0000000711400000| Untracked 
| 239|0x0000000711500000, 0x0000000711500000, 0x0000000711600000|  0%| F|  |TAMS 0x0000000711500000, 0x0000000711500000| Untracked 
| 240|0x0000000711600000, 0x0000000711600000, 0x0000000711700000|  0%| F|  |TAMS 0x0000000711600000, 0x0000000711600000| Untracked 
| 241|0x0000000711700000, 0x0000000711700000, 0x0000000711800000|  0%| F|  |TAMS 0x0000000711700000, 0x0000000711700000| Untracked 
| 242|0x0000000711800000, 0x0000000711800000, 0x0000000711900000|  0%| F|  |TAMS 0x0000000711800000, 0x0000000711800000| Untracked 
| 243|0x0000000711900000, 0x0000000711900000, 0x0000000711a00000|  0%| F|  |TAMS 0x0000000711900000, 0x0000000711900000| Untracked 
| 244|0x0000000711a00000, 0x0000000711a00000, 0x0000000711b00000|  0%| F|  |TAMS 0x0000000711a00000, 0x0000000711a00000| Untracked 
| 245|0x0000000711b00000, 0x0000000711b00000, 0x0000000711c00000|  0%| F|  |TAMS 0x0000000711b00000, 0x0000000711b00000| Untracked 
| 246|0x0000000711c00000, 0x0000000711c00000, 0x0000000711d00000|  0%| F|  |TAMS 0x0000000711c00000, 0x0000000711c00000| Untracked 
| 247|0x0000000711d00000, 0x0000000711d00000, 0x0000000711e00000|  0%| F|  |TAMS 0x0000000711d00000, 0x0000000711d00000| Untracked 
| 248|0x0000000711e00000, 0x0000000711e00000, 0x0000000711f00000|  0%| F|  |TAMS 0x0000000711e00000, 0x0000000711e00000| Untracked 
| 249|0x0000000711f00000, 0x0000000711f00000, 0x0000000712000000|  0%| F|  |TAMS 0x0000000711f00000, 0x0000000711f00000| Untracked 
| 250|0x0000000712000000, 0x0000000712000000, 0x0000000712100000|  0%| F|  |TAMS 0x0000000712000000, 0x0000000712000000| Untracked 
| 251|0x0000000712100000, 0x0000000712100000, 0x0000000712200000|  0%| F|  |TAMS 0x0000000712100000, 0x0000000712100000| Untracked 
| 252|0x0000000712200000, 0x0000000712200000, 0x0000000712300000|  0%| F|  |TAMS 0x0000000712200000, 0x0000000712200000| Untracked 
| 253|0x0000000712300000, 0x0000000712300000, 0x0000000712400000|  0%| F|  |TAMS 0x0000000712300000, 0x0000000712300000| Untracked 

Card table byte_map: [0x000002b475e10000,0x000002b476600000] _byte_map_base: 0x000002b4725fd000

Marking Bits (Prev, Next): (CMBitMap*) 0x000002b46c9d9b38, (CMBitMap*) 0x000002b46c9d9b70
 Prev Bits: [0x000002b476df0000, 0x000002b47ad58000)
 Next Bits: [0x000002b47ad60000, 0x000002b47ecc8000)

Polling page: 0x000002b46a6f0000

Metaspace:

Usage:
  Non-class:     10.23 MB capacity,    10.17 MB (>99%) used,    48.90 KB ( <1%) free+waste,    14.81 KB ( <1%) overhead. 
      Class:      1.12 MB capacity,     1.06 MB ( 94%) used,    62.38 KB (  5%) free+waste,     6.75 KB ( <1%) overhead. 
       Both:     11.35 MB capacity,    11.22 MB ( 99%) used,   111.27 KB ( <1%) free+waste,    21.56 KB ( <1%) overhead. 

Virtual space:
  Non-class space:       20.00 MB reserved,      10.25 MB ( 51%) committed 
      Class space:        1.00 GB reserved,       1.13 MB ( <1%) committed 
             Both:        1.02 GB reserved,      11.38 MB (  1%) committed 

Chunk freelists:
   Non-Class:  23.00 KB
       Class:  1.00 KB
        Both:  24.00 KB

MaxMetaspaceSize: 17179869184.00 GB
CompressedClassSpaceSize: 1.00 GB
Initial GC threshold: 20.80 MB
Current GC threshold: 21.12 MB
CDS: off

CodeHeap 'non-profiled nmethods': size=120000Kb used=292Kb max_used=292Kb free=119707Kb
 bounds [0x000002b407ad0000, 0x000002b407d40000, 0x000002b40f000000]
CodeHeap 'profiled nmethods': size=120000Kb used=1362Kb max_used=1362Kb free=118637Kb
 bounds [0x000002b4005a0000, 0x000002b400810000, 0x000002b407ad0000]
CodeHeap 'non-nmethods': size=5760Kb used=1126Kb max_used=1140Kb free=4634Kb
 bounds [0x000002b400000000, 0x000002b400270000, 0x000002b4005a0000]
 total_blobs=1160 nmethods=783 adapters=290
 compilation: enabled
              stopped_count=0, restarted_count=0
 full_count=0

Compilation events (20 events):
Event: 0.547 Thread 0x000002b47fb90800  774       3       java.util.zip.ZipFile$ZipFileInflaterInputStream::<init> (41 bytes)
Event: 0.547 Thread 0x000002b47fb90800 nmethod 774 0x000002b4006eed90 code [0x000002b4006eefc0, 0x000002b4006ef718]
Event: 0.548 Thread 0x000002b47fb90800  775       3       java.util.zip.ZipFile$ZipFileInflaterInputStream::fill (80 bytes)
Event: 0.548 Thread 0x000002b47fd32800  777       4       java.lang.String::lastIndexOf (12 bytes)
Event: 0.548 Thread 0x000002b47fb90800 nmethod 775 0x000002b4006efa10 code [0x000002b4006efc00, 0x000002b4006effe8]
Event: 0.548 Thread 0x000002b47fb90800  776   !   3       java.util.zip.Inflater::setInput (69 bytes)
Event: 0.549 Thread 0x000002b47fb90800 nmethod 776 0x000002b4006f0190 code [0x000002b4006f0360, 0x000002b4006f0868]
Event: 0.551 Thread 0x000002b47fd32800 nmethod 777 0x000002b407b18d90 code [0x000002b407b18f20, 0x000002b407b190d8]
Event: 0.551 Thread 0x000002b47fb90800  778       3       jdk.internal.ref.PhantomCleanable::clean (16 bytes)
Event: 0.551 Thread 0x000002b47fb90800 nmethod 778 0x000002b4006f0a10 code [0x000002b4006f0be0, 0x000002b4006f0eb8]
Event: 0.551 Thread 0x000002b47fb90800  779       3       jdk.internal.ref.CleanerImpl$PhantomCleanableRef::performCleanup (10 bytes)
Event: 0.551 Thread 0x000002b47fb90800 nmethod 779 0x000002b4006f0f90 code [0x000002b4006f1140, 0x000002b4006f1308]
Event: 0.551 Thread 0x000002b47fb90800  780       3       java.util.zip.ZipFile$InflaterCleanupAction::run (12 bytes)
Event: 0.551 Thread 0x000002b47fb90800 nmethod 780 0x000002b4006f1410 code [0x000002b4006f15c0, 0x000002b4006f1788]
Event: 0.551 Thread 0x000002b47fb90800  781   !   3       java.util.zip.ZipFile$CleanableResource::releaseInflater (53 bytes)
Event: 0.552 Thread 0x000002b47fb90800 nmethod 781 0x000002b4006f1890 code [0x000002b4006f1a80, 0x000002b4006f1f88]
Event: 0.552 Thread 0x000002b47fb90800  782   !   3       java.util.zip.Inflater::reset (64 bytes)
Event: 0.552 Thread 0x000002b47fb90800 nmethod 782 0x000002b4006f2190 code [0x000002b4006f2380, 0x000002b4006f27d8]
Event: 0.553 Thread 0x000002b47fb90800  783       3       jdk.internal.loader.BuiltinClassLoader::defineClass (121 bytes)
Event: 0.553 Thread 0x000002b47fb90800 nmethod 783 0x000002b4006f2990 code [0x000002b4006f2cc0, 0x000002b4006f4248]

GC Heap History (2 events):
Event: 0.556 GC heap before
{Heap before GC invocations=0 (full 0):
 garbage-first heap   total 260096K, used 17408K [0x0000000702600000, 0x0000000800000000)
  region size 1024K, 19 young (19456K), 0 survivors (0K)
 Metaspace       used 11491K, capacity 11624K, committed 11648K, reserved 1067008K
  class space    used 1081K, capacity 1151K, committed 1152K, reserved 1048576K
}
Event: 0.563 GC heap after
{Heap after GC invocations=1 (full 0):
 garbage-first heap   total 260096K, used 3754K [0x0000000702600000, 0x0000000800000000)
  region size 1024K, 3 young (3072K), 3 survivors (3072K)
 Metaspace       used 11491K, capacity 11624K, committed 11648K, reserved 1067008K
  class space    used 1081K, capacity 1151K, committed 1152K, reserved 1048576K
}

Deoptimization events (20 events):
Event: 0.254 Thread 0x000002b46c973000 Uncommon trap: trap_request=0xffffffc6 fr.pc=0x000002b407ad9c94 relative=0x0000000000000074
Event: 0.254 Thread 0x000002b46c973000 Uncommon trap: reason=bimorphic_or_optimized_type_check action=maybe_recompile pc=0x000002b407ad9c94 method=java.util.AbstractCollection.isEmpty()Z @ 1 c2
Event: 0.254 Thread 0x000002b46c973000 DEOPT PACKING pc=0x000002b407ad9c94 sp=0x000000b913cf9d60
Event: 0.254 Thread 0x000002b46c973000 DEOPT UNPACKING pc=0x000002b40004a1af sp=0x000000b913cf9cf0 mode 2
Event: 0.275 Thread 0x000002b46c973000 DEOPT PACKING pc=0x000002b4005f52e8 sp=0x000000b913cfc560
Event: 0.275 Thread 0x000002b46c973000 DEOPT UNPACKING pc=0x000002b40004a95e sp=0x000000b913cfb9b8 mode 0
Event: 0.282 Thread 0x000002b46c973000 DEOPT PACKING pc=0x000002b4005fb0c2 sp=0x000000b913cf90d0
Event: 0.282 Thread 0x000002b46c973000 DEOPT UNPACKING pc=0x000002b40004a95e sp=0x000000b913cf8538 mode 0
Event: 0.285 Thread 0x000002b46c973000 DEOPT PACKING pc=0x000002b4005e0bd0 sp=0x000000b913cf9080
Event: 0.285 Thread 0x000002b46c973000 DEOPT UNPACKING pc=0x000002b40004a95e sp=0x000000b913cf8508 mode 0
Event: 0.301 Thread 0x000002b46c973000 Uncommon trap: trap_request=0xffffff4d fr.pc=0x000002b407ae4f00 relative=0x0000000000000060
Event: 0.301 Thread 0x000002b46c973000 Uncommon trap: reason=unstable_if action=reinterpret pc=0x000002b407ae4f00 method=java.io.WinNTFileSystem.isSlash(C)Z @ 9 c2
Event: 0.301 Thread 0x000002b46c973000 DEOPT PACKING pc=0x000002b407ae4f00 sp=0x000000b913cfbf00
Event: 0.301 Thread 0x000002b46c973000 DEOPT UNPACKING pc=0x000002b40004a1af sp=0x000000b913cfbe88 mode 2
Event: 0.382 Thread 0x000002b46c973000 Uncommon trap: trap_request=0xffffff4d fr.pc=0x000002b407af76c0 relative=0x0000000000000220
Event: 0.382 Thread 0x000002b46c973000 Uncommon trap: reason=unstable_if action=reinterpret pc=0x000002b407af76c0 method=java.lang.String.startsWith(Ljava/lang/String;I)Z @ 14 c2
Event: 0.382 Thread 0x000002b46c973000 DEOPT PACKING pc=0x000002b407af76c0 sp=0x000000b913cfc780
Event: 0.382 Thread 0x000002b46c973000 DEOPT UNPACKING pc=0x000002b40004a1af sp=0x000000b913cfc6e8 mode 2
Event: 0.406 Thread 0x000002b46c973000 DEOPT PACKING pc=0x000002b40062827f sp=0x000000b913cfbac0
Event: 0.406 Thread 0x000002b46c973000 DEOPT UNPACKING pc=0x000002b40004a95e sp=0x000000b913cfaf10 mode 0

Classes redefined (0 events):
No events

Internal exceptions (8 events):
Event: 0.350 Thread 0x000002b46c973000 Exception <a 'java/lang/NoSuchMethodError'{0x0000000711b3bab0}: 'java.lang.Object java.lang.invoke.DirectMethodHandle$Holder.invokeStatic(java.lang.Object, java.lang.Object, java.lang.Object, java.lang.Object, java.lang.Object, java.lang.Object, java.lang.Object, java.lang.Object, java.lang.Object, java.lang.Object, java.lang.Object, java.lang.Object, java.lang.Object, java.lang.Object, java.lang.Object)'> (0x0000000711b3bab0) thrown at [./src/hotspot/share/interpreter/linkResolver.cpp, line 773]
Event: 0.352 Thread 0x000002b46c973000 Exception <a 'java/lang/NoSuchMethodError'{0x0000000711b49c78}: 'java.lang.Object java.lang.invoke.DirectMethodHandle$Holder.invokeStatic(java.lang.Object, java.lang.Object, java.lang.Object, java.lang.Object, java.lang.Object, java.lang.Object, java.lang.Object, java.lang.Object, java.lang.Object, java.lang.Object, java.lang.Object, java.lang.Object, java.lang.Object, java.lang.Object, java.lang.Object, java.lang.Object)'> (0x0000000711b49c78) thrown at [./src/hotspot/share/interpreter/linkResolver.cpp, l
Event: 0.353 Thread 0x000002b46c973000 Exception <a 'java/lang/NoSuchMethodError'{0x0000000711b57b90}: 'java.lang.Object java.lang.invoke.DirectMethodHandle$Holder.invokeSpecial(java.lang.Object, java.lang.Object, int, int, java.lang.Object, java.lang.Object, java.lang.Object)'> (0x0000000711b57b90) thrown at [./src/hotspot/share/interpreter/linkResolver.cpp, line 773]
Event: 0.353 Thread 0x000002b46c973000 Exception <a 'java/lang/NoSuchMethodError'{0x0000000711b5b3c8}: 'java.lang.Object java.lang.invoke.DelegatingMethodHandle$Holder.reinvoke_L(java.lang.Object, int, int, java.lang.Object, java.lang.Object, java.lang.Object)'> (0x0000000711b5b3c8) thrown at [./src/hotspot/share/interpreter/linkResolver.cpp, line 773]
Event: 0.354 Thread 0x000002b46c973000 Exception <a 'java/lang/NoSuchMethodError'{0x0000000711b5f750}: 'java.lang.Object java.lang.invoke.DirectMethodHandle$Holder.invokeStatic(java.lang.Object, java.lang.Object, java.lang.Object, java.lang.Object, int)'> (0x0000000711b5f750) thrown at [./src/hotspot/share/interpreter/linkResolver.cpp, line 773]
Event: 0.554 Thread 0x000002b46c973000 Exception <a 'java/lang/ArrayIndexOutOfBoundsException'{0x000000071117d808}: Index 11 out of bounds for length 11> (0x000000071117d808) thrown at [./src/hotspot/share/interpreter/interpreterRuntime.cpp, line 444]
Event: 0.554 Thread 0x000002b46c973000 Exception <a 'java/lang/ArrayIndexOutOfBoundsException'{0x000000071117de50}: Index 11 out of bounds for length 11> (0x000000071117de50) thrown at [./src/hotspot/share/interpreter/interpreterRuntime.cpp, line 444]
Event: 0.554 Thread 0x000002b46c973000 Exception <a 'java/lang/ArrayIndexOutOfBoundsException'{0x000000071117e418}: Index 11 out of bounds for length 11> (0x000000071117e418) thrown at [./src/hotspot/share/interpreter/interpreterRuntime.cpp, line 444]

Events (20 events):
Event: 0.551 loading class org/aspectj/weaver/patterns/ITokenSource
Event: 0.551 loading class org/aspectj/weaver/patterns/ITokenSource done
Event: 0.552 loading class org/aspectj/weaver/patterns/BasicToken
Event: 0.552 loading class org/aspectj/weaver/patterns/BasicToken done
Event: 0.552 loading class org/aspectj/weaver/patterns/AnyAnnotationTypePattern
Event: 0.552 loading class org/aspectj/weaver/patterns/AnyAnnotationTypePattern done
Event: 0.552 loading class org/aspectj/weaver/patterns/EllipsisAnnotationTypePattern
Event: 0.552 loading class org/aspectj/weaver/patterns/EllipsisAnnotationTypePattern done
Event: 0.553 loading class org/aspectj/weaver/patterns/BindingPattern
Event: 0.553 loading class org/aspectj/weaver/patterns/BindingPattern done
Event: 0.553 loading class org/aspectj/weaver/patterns/BindingAnnotationTypePattern
Event: 0.553 loading class org/aspectj/weaver/patterns/BindingAnnotationTypePattern done
Event: 0.554 loading class org/aspectj/weaver/PoliceExtensionUse
Event: 0.554 loading class org/aspectj/weaver/PoliceExtensionUse done
Event: 0.554 loading class org/aspectj/weaver/patterns/AbstractPatternNodeVisitor
Event: 0.554 loading class org/aspectj/weaver/patterns/AbstractPatternNodeVisitor done
Event: 0.555 loading class org/aspectj/weaver/patterns/ModifiersPattern
Event: 0.555 loading class org/aspectj/weaver/patterns/ModifiersPattern done
Event: 0.555 loading class java/util/StringJoiner
Event: 0.556 Executing VM operation: CollectForMetadataAllocation


Dynamic libraries:
0x00007ff7ec5e0000 - 0x00007ff7ec5ed000 	C:\Program Files\Amazon Corretto\jdk11.0.16_9\bin\java.exe
0x00007ffab4210000 - 0x00007ffab4408000 	C:\WINDOWS\SYSTEM32\ntdll.dll
0x00007ffab3d50000 - 0x00007ffab3e0f000 	C:\WINDOWS\System32\KERNEL32.DLL
0x00007ffab1d70000 - 0x00007ffab2042000 	C:\WINDOWS\System32\KERNELBASE.dll
0x00007ffab2050000 - 0x00007ffab2150000 	C:\WINDOWS\System32\ucrtbase.dll
0x00007ffaa3790000 - 0x00007ffaa37a7000 	C:\Program Files\Amazon Corretto\jdk11.0.16_9\bin\jli.dll
0x00007ffaa3770000 - 0x00007ffaa3789000 	C:\Program Files\Amazon Corretto\jdk11.0.16_9\bin\VCRUNTIME140.dll
0x00007ffab3820000 - 0x00007ffab39c1000 	C:\WINDOWS\System32\USER32.dll
0x00007ffab1aa0000 - 0x00007ffab1ac2000 	C:\WINDOWS\System32\win32u.dll
0x00007ffa94f60000 - 0x00007ffa951fa000 	C:\WINDOWS\WinSxS\amd64_microsoft.windows.common-controls_6595b64144ccf1df_6.0.19041.1110_none_60b5254171f9507e\COMCTL32.dll
0x00007ffab37f0000 - 0x00007ffab381b000 	C:\WINDOWS\System32\GDI32.dll
0x00007ffab3e30000 - 0x00007ffab3ece000 	C:\WINDOWS\System32\msvcrt.dll
0x00007ffab1c30000 - 0x00007ffab1d3f000 	C:\WINDOWS\System32\gdi32full.dll
0x00007ffab1990000 - 0x00007ffab1a2d000 	C:\WINDOWS\System32\msvcp_win.dll
0x00007ffab39d0000 - 0x00007ffab3a02000 	C:\WINDOWS\System32\IMM32.DLL
0x00007ffa8c8f0000 - 0x00007ffa8c98b000 	C:\Program Files\Amazon Corretto\jdk11.0.16_9\bin\msvcp140.dll
0x00007ffa79200000 - 0x00007ffa79d84000 	C:\Program Files\Amazon Corretto\jdk11.0.16_9\bin\server\jvm.dll
0x00007ffab2250000 - 0x00007ffab22fe000 	C:\WINDOWS\System32\ADVAPI32.dll
0x00007ffab3050000 - 0x00007ffab30ec000 	C:\WINDOWS\System32\sechost.dll
0x00007ffab3c20000 - 0x00007ffab3d45000 	C:\WINDOWS\System32\RPCRT4.dll
0x00007ffab2fe0000 - 0x00007ffab2fe8000 	C:\WINDOWS\System32\PSAPI.DLL
0x00007ffa9cac0000 - 0x00007ffa9cae7000 	C:\WINDOWS\SYSTEM32\WINMM.dll
0x00007ffaab190000 - 0x00007ffaab19a000 	C:\WINDOWS\SYSTEM32\VERSION.dll
0x00007ffa98ab0000 - 0x00007ffa98ab9000 	C:\WINDOWS\SYSTEM32\WSOCK32.dll
0x00007ffab2660000 - 0x00007ffab26cb000 	C:\WINDOWS\System32\WS2_32.dll
0x00007ffab01a0000 - 0x00007ffab01b2000 	C:\WINDOWS\SYSTEM32\kernel.appcore.dll
0x00007ffaa3c50000 - 0x00007ffaa3c60000 	C:\Program Files\Amazon Corretto\jdk11.0.16_9\bin\verify.dll
0x00007ffaa7fb0000 - 0x00007ffaa8194000 	C:\WINDOWS\SYSTEM32\DBGHELP.DLL
0x00007ffa8b550000 - 0x00007ffa8b585000 	C:\WINDOWS\SYSTEM32\dbgcore.DLL
0x00007ffab1900000 - 0x00007ffab1982000 	C:\WINDOWS\System32\bcryptPrimitives.dll
0x00007ffaa3540000 - 0x00007ffaa3568000 	C:\Program Files\Amazon Corretto\jdk11.0.16_9\bin\java.dll
0x00007ffaa3760000 - 0x00007ffaa376a000 	C:\Program Files\Amazon Corretto\jdk11.0.16_9\bin\jimage.dll
0x00007ffaa3190000 - 0x00007ffaa319e000 	C:\Program Files\Amazon Corretto\jdk11.0.16_9\bin\instrument.dll
0x00007ffaa3520000 - 0x00007ffaa3538000 	C:\Program Files\Amazon Corretto\jdk11.0.16_9\bin\zip.dll
0x00007ffab2890000 - 0x00007ffab2fd4000 	C:\WINDOWS\System32\SHELL32.dll
0x00007ffaaf980000 - 0x00007ffab0112000 	C:\WINDOWS\SYSTEM32\windows.storage.dll
0x00007ffab2300000 - 0x00007ffab2655000 	C:\WINDOWS\System32\combase.dll
0x00007ffab1360000 - 0x00007ffab1390000 	C:\WINDOWS\SYSTEM32\Wldp.dll
0x00007ffab27e0000 - 0x00007ffab288d000 	C:\WINDOWS\System32\SHCORE.dll
0x00007ffab2780000 - 0x00007ffab27d5000 	C:\WINDOWS\System32\shlwapi.dll
0x00007ffab1840000 - 0x00007ffab185f000 	C:\WINDOWS\SYSTEM32\profapi.dll
0x00007ffaa33e0000 - 0x00007ffaa33f9000 	C:\Program Files\Amazon Corretto\jdk11.0.16_9\bin\net.dll
0x00007ffaa8c30000 - 0x00007ffaa8d3c000 	C:\WINDOWS\SYSTEM32\WINHTTP.dll
0x00007ffab10c0000 - 0x00007ffab112a000 	C:\WINDOWS\system32\mswsock.dll
0x00007ffaa33c0000 - 0x00007ffaa33d3000 	C:\Program Files\Amazon Corretto\jdk11.0.16_9\bin\nio.dll

dbghelp: loaded successfully - version: 4.0.5 - missing functions: none
symbol engine: initialized successfully - sym options: 0x614 - pdb path: .;C:\Program Files\Amazon Corretto\jdk11.0.16_9\bin;C:\WINDOWS\SYSTEM32;C:\WINDOWS\WinSxS\amd64_microsoft.windows.common-controls_6595b64144ccf1df_6.0.19041.1110_none_60b5254171f9507e;C:\Program Files\Amazon Corretto\jdk11.0.16_9\bin\server

VM Arguments:
jvm_args: -ea -javaagent:C:\Users\PNMmechanic\.m2\repository/org/aspectj/aspectjweaver/1.9.7/aspectjweaver-1.9.7.jar -Didea.test.cyclic.buffer.size=1048576 -javaagent:C:\Program Files\JetBrains\IntelliJ IDEA Community Edition 2022.2.3\lib\idea_rt.jar=62909:C:\Program Files\JetBrains\IntelliJ IDEA Community Edition 2022.2.3\bin -Dfile.encoding=UTF-8 
java_command: com.intellij.rt.junit.JUnitStarter -ideVersion5 -junit4 org.example.courier.CourierTest
java_class_path (initial): C:\Program Files\JetBrains\IntelliJ IDEA Community Edition 2022.2.3\lib\idea_rt.jar;C:\Program Files\JetBrains\IntelliJ IDEA Community Edition 2022.2.3\plugins\junit\lib\junit5-rt.jar;C:\Program Files\JetBrains\IntelliJ IDEA Community Edition 2022.2.3\plugins\junit\lib\junit-rt.jar;C:\cygwin64\home\PNMmechanic\Sprint_7\target\test-classes;C:\cygwin64\home\PNMmechanic\Sprint_7\target\classes;C:\Users\PNMmechanic\.m2\repository\io\rest-assured\rest-assured\5.2.0\rest-assured-5.2.0.jar;C:\Users\PNMmechanic\.m2\repository\org\apache\groovy\groovy\4.0.1\groovy-4.0.1.jar;C:\Users\PNMmechanic\.m2\repository\org\apache\groovy\groovy-xml\4.0.1\groovy-xml-4.0.1.jar;C:\Users\PNMmechanic\.m2\repository\org\apache\httpcomponents\httpclient\4.5.13\httpclient-4.5.13.jar;C:\Users\PNMmechanic\.m2\repository\org\apache\httpcomponents\httpcore\4.4.13\httpcore-4.4.13.jar;C:\Users\PNMmechanic\.m2\repository\commons-logging\commons-logging\1.2\commons-logging-1.2.jar;C:\Users\PNMmechanic\.m2\repository\commons-codec\commons-codec\1.11\commons-codec-1.11.jar;C:\Users\PNMmechanic\.m2\repository\org\apache\httpcomponents\httpmime\4.5.13\httpmime-4.5.13.jar;C:\Users\PNMmechanic\.m2\repository\org\hamcrest\hamcrest\2.1\hamcrest-2.1.jar;C:\Users\PNMmechanic\.m2\repository\org\ccil\cowan\tagsoup\tagsoup\1.2.1\tagsoup-1.2.1.jar;C:\Users\PNMmechanic\.m2\repository\io\rest-assured\json-path\5.2.0\json-path-5.2.0.jar;C:\Users\PNMmechanic\.m2\repository\org\apache\groovy\groovy-json\4.0.1\groovy-json-4.0.1.jar;C:\Users\PNMmechanic\.m2\repository\io\rest-assured\rest-assured-common\5.2.0\rest-assured-common-5.2.0.jar;C:\Users\PNMmechanic\.m2\repository\io\rest-assured\xml-path\5.2.0\xml-path-5.2.0.jar;C:\Users\PNMmechanic\.m2\repository\org\apache\commons\commons-lang3\3.11\commons-lang3-3.11.jar;C:\Users\PNMmechanic\.m2\repository\junit\junit\4.13.2\junit-4.13.2.jar;C:\Users\PNMmechanic\.m2\repository\org\hamcrest\hamcrest-core\1.3\hamcrest-core-1.3.jar;C:\Users\PNMmecha
Launcher Type: SUN_STANDARD

[Global flags]
     intx CICompilerCount                          = 4                                         {product} {ergonomic}
     uint ConcGCThreads                            = 3                                         {product} {ergonomic}
     uint G1ConcRefinementThreads                  = 10                                        {product} {ergonomic}
   size_t G1HeapRegionSize                         = 1048576                                   {product} {ergonomic}
    uintx GCDrainStackTargetSize                   = 64                                        {product} {ergonomic}
   size_t InitialHeapSize                          = 266338304                                 {product} {ergonomic}
   size_t MarkStackSize                            = 4194304                                   {product} {ergonomic}
   size_t MaxHeapSize                              = 4255121408                                {product} {ergonomic}
   size_t MaxNewSize                               = 2552233984                                {product} {ergonomic}
   size_t MinHeapDeltaBytes                        = 1048576                                   {product} {ergonomic}
    uintx NonNMethodCodeHeapSize                   = 5836300                                {pd product} {ergonomic}
    uintx NonProfiledCodeHeapSize                  = 122910970                              {pd product} {ergonomic}
    uintx ProfiledCodeHeapSize                     = 122910970                              {pd product} {ergonomic}
    uintx ReservedCodeCacheSize                    = 251658240                              {pd product} {ergonomic}
     bool SegmentedCodeCache                       = true                                      {product} {ergonomic}
     bool UseCompressedClassPointers               = true                                 {lp64_product} {ergonomic}
     bool UseCompressedOops                        = true                                 {lp64_product} {ergonomic}
     bool UseG1GC                                  = true                                      {product} {ergonomic}
     bool UseLargePagesIndividualAllocation        = false                                  {pd product} {ergonomic}

Logging:
Log output configuration:
 #0: stdout all=warning uptime,level,tags
 #1: stderr all=off uptime,level,tags

Environment Variables:
PATH=C:\apache-maven-3.8.6-bin\apache-maven-3.8.6\bin;C:\Program Files\Amazon Corretto\jdk11.0.16_9\bin;C:\Program Files (x86)\Common Files\Oracle\Java\javapath;C:\Program Files (x86)\Intel\Intel(R) Management Engine Components\iCLS\;C:\Program Files\Intel\Intel(R) Management Engine Components\iCLS\;C:\Windows\system32;C:\Windows;C:\Windows\System32\Wbem;C:\Windows\System32\WindowsPowerShell\v1.0\;C:\Windows\System32\OpenSSH\;C:\Program Files (x86)\Intel\Intel(R) Management Engine Components\DAL;C:\Program Files\Intel\Intel(R) Management Engine Components\DAL;C:\Program Files (x86)\Intel\Intel(R) Management Engine Components\IPT;C:\Program Files\Intel\Intel(R) Management Engine Components\IPT;C:\Program Files\Intel\WiFi\bin\;C:\Program Files\Common Files\Intel\WirelessCommon\;C:\WINDOWS\system32;C:\WINDOWS;C:\WINDOWS\System32\Wbem;C:\WINDOWS\System32\WindowsPowerShell\v1.0\;C:\WINDOWS\System32\OpenSSH\;C:\Program Files (x86)\NVIDIA Corporation\PhysX\Common;C:\WINDOWS\system32;C:\WINDOWS;C:\WINDOWS\System32\Wbem;C:\WINDOWS\System32\WindowsPowerShell\v1.0\;C:\WINDOWS\System32\OpenSSH\;C:\Program Files\dotnet\;C:\Program Files (x86)\Amazon Corretto\jdk11.0.16_9\bin;C:\Users\PNMmechanic\AppData\Local\Microsoft\WindowsApps;C:\Users\PNMmechanic\AppData\Local\Programs\Git\cmd;C:\Users\PNMmechanic\AppData\Local\Programs\Git\mingw64\bin;C:\Users\PNMmechanic\AppData\Local\Programs\Git\usr\bin;C:\Program Files\Amazon Corretto\jdk11.0.16_9\bin;C:\apache-maven-3.8.6-bin\apache-maven-3.8.6\bin;
USERNAME=PNMmechanic
OS=Windows_NT
PROCESSOR_IDENTIFIER=Intel64 Family 6 Model 158 Stepping 10, GenuineIntel
TMP=C:\Users\PNMmechanic\AppData\Local\Temp
TEMP=C:\Users\PNMmechanic\AppData\Local\Temp



---------------  S Y S T E M  ---------------

OS: Windows 10 , 64 bit Build 19041 (10.0.19041.2364)
OS uptime: 1 days 18:50 hours

CPU:total 12 (initial active 12) (6 cores per cpu, 2 threads per core) family 6 model 158 stepping 10 microcode 0xb4, cmov, cx8, fxsr, mmx, sse, sse2, sse3, ssse3, sse4.1, sse4.2, popcnt, avx, avx2, aes, clmul, erms, 3dnowpref, lzcnt, ht, tsc, tscinvbit, bmi1, bmi2, adx, fma

Memory: 4k page, system-wide physical 16229M (4392M free)
TotalPageFile size 20325M (AvailPageFile size 363M)
current process WorkingSet (physical memory assigned to process): 77M, peak: 77M
current process commit charge ("private bytes"): 357M, peak: 358M

vm_info: OpenJDK 64-Bit Server VM (11.0.16.1+9-LTS) for windows-amd64 JRE (11.0.16.1+9-LTS), built on Aug 12 2022 20:01:58 by "Administrator" with MS VC++ 15.9 (VS2017)

END.
